0 info it worked if it ends with ok
1 verbose cli [ 'C:\\Program Files\\nodejs\\node.exe',
1 verbose cli   'C:\\Program Files\\nodejs\\node_modules\\npm\\bin\\npm-cli.js',
1 verbose cli   'run',
1 verbose cli   'test' ]
2 info using npm@4.0.5
3 info using node@v7.4.0
4 verbose run-script [ 'pretest', 'test', 'posttest' ]
5 info lifecycle Es6@1.0.0~pretest: Es6@1.0.0
6 silly lifecycle Es6@1.0.0~pretest: no script for pretest, continuing
7 info lifecycle Es6@1.0.0~test: Es6@1.0.0
8 verbose lifecycle Es6@1.0.0~test: unsafe-perm in lifecycle true
9 verbose lifecycle Es6@1.0.0~test: PATH: C:\Program Files\nodejs\node_modules\npm\bin\node-gyp-bin;C:\Users\User\documents\_web001\jsprojects\trial\node_modules\.bin;%SystemRoot%\system32\WindowsPowerShell\v1.0\;C:\Ruby23-x64\bin;C:\ProgramData\Oracle\Java\javapath;C:\Python27\;C:\Python27\Scripts;C:\Windows\system32;C:\Windows;C:\Windows\System32\Wbem;C:\Windows\System32\WindowsPowerShell\v1.0\;C:\Program Files\Microsoft\Web Platform Installer\;C:\Program Files (x86)\Microsoft ASP.NET\ASP.NET Web Pages\v1.0\;C:\Program Files\Microsoft SQL Server\110\Tools\Binn\;C:\Program Files (x86)\GtkSharp\2.12\bin;C:\Windows\system32\config\systemprofile\.dnx\bin;C:\Program Files\Microsoft DNX\Dnvm\;C:\Program Files (x86)\Windows Kits\8.1\Windows Performance Toolkit\;C:\Program Files (x86)\Brackets\command;C:\ProgramData\chocolatey\bin;C:\Program Files\nodejs\;C:\Program Files\Git\cmd;C:\Program Files\Cloud Foundry;C:\Program Files (x86)\Skype\Phone\;C:\Users\User\AppData\Roaming\npm;C:\Program Files\Heroku\bin
10 verbose lifecycle Es6@1.0.0~test: CWD: C:\Users\User\documents\_web001\jsprojects\trial
11 silly lifecycle Es6@1.0.0~test: Args: [ '/d /s /c', 'mocha **/*.test.js' ]
12 silly lifecycle Es6@1.0.0~test: Returned: code: 1  signal: null
13 info lifecycle Es6@1.0.0~test: Failed to exec test script
14 verbose stack Error: Es6@1.0.0 test: `mocha **/*.test.js`
14 verbose stack Exit status 1
14 verbose stack     at EventEmitter.<anonymous> (C:\Program Files\nodejs\node_modules\npm\lib\utils\lifecycle.js:279:16)
14 verbose stack     at emitTwo (events.js:106:13)
14 verbose stack     at EventEmitter.emit (events.js:191:7)
14 verbose stack     at ChildProcess.<anonymous> (C:\Program Files\nodejs\node_modules\npm\lib\utils\spawn.js:40:14)
14 verbose stack     at emitTwo (events.js:106:13)
14 verbose stack     at ChildProcess.emit (events.js:191:7)
14 verbose stack     at maybeClose (internal/child_process.js:885:16)
14 verbose stack     at Process.ChildProcess._handle.onexit (internal/child_process.js:226:5)
15 verbose pkgid Es6@1.0.0
16 verbose cwd C:\Users\User\documents\_web001\jsprojects\trial
17 error Windows_NT 6.1.7601
18 error argv "C:\\Program Files\\nodejs\\node.exe" "C:\\Program Files\\nodejs\\node_modules\\npm\\bin\\npm-cli.js" "run" "test"
19 error node v7.4.0
20 error npm  v4.0.5
21 error code ELIFECYCLE
22 error Es6@1.0.0 test: `mocha **/*.test.js`
22 error Exit status 1
23 error Failed at the Es6@1.0.0 test script 'mocha **/*.test.js'.
23 error Make sure you have the latest version of node.js and npm installed.
23 error If you do, this is most likely a problem with the Es6 package,
23 error not with npm itself.
23 error Tell the author that this fails on your system:
23 error     mocha **/*.test.js
23 error You can get information on how to open an issue for this project with:
23 error     npm bugs Es6
23 error Or if that isn't available, you can get their info via:
23 error     npm owner ls Es6
23 error There is likely additional logging output above.
24 verbose exit [ 1, true ]
